<?xml version='1.0' encoding='UTF-8'?>
<testsuite hostname="Sonny-PC" name="basics.PublicScalaBasicsSuite" tests="9" errors="0" failures="0" time="8.565">
                     <properties>
[...]
</properties>
                     <testcase classname="basics.PublicScalaBasicsSuite" name="[1] The add function should return the addition of a and b" time="0.078">
                                                 
                                               </testcase><testcase classname="basics.PublicScalaBasicsSuite" name="[2] The inRange function should return an inclusive range" time="5.039">
                                                 
                                               </testcase><testcase classname="basics.PublicScalaBasicsSuite" name="[4] The oddRange function should return a range of all odd integers from 1 to n" time="0.733">
                                                 
                                               </testcase><testcase classname="basics.PublicScalaBasicsSuite" name="[5] The minWhile function should return the minimum integer in an array using a while loop" time="1.716">
                                                 
                                               </testcase><testcase classname="basics.PublicScalaBasicsSuite" name="[5] The minFor function should return the minimum integer in an array using a for loop" time="0.281">
                                                 
                                               </testcase><testcase classname="basics.PublicScalaBasicsSuite" name="[5] The minRecursive function should return the minimum integer in an array using recursion" time="0.296">
                                                 
                                               </testcase><testcase classname="basics.PublicScalaBasicsSuite" name="[3] The base36 function should return the base 36 equivalent of the given BigInt" time="0.032">
                                                 
                                               </testcase><testcase classname="basics.PublicScalaBasicsSuite" name="[5] The splitInHalf function should split a string in half" time="0.0">
                                                 
                                               </testcase><testcase classname="basics.PublicScalaBasicsSuite" name="[6] isPalindrome should return true if a string is a palindrome" time="0.39">
                                                 
                                               </testcase>
                     <system-out></system-out>
                     <system-err></system-err>
                   </testsuite>